<?xml version="1.0" encoding="UTF-8"?>
<testng-results ignored="0" total="1" passed="1" failed="0" skipped="0">
  <reporter-output>
  </reporter-output>
  <suite started-at="2025-10-26T09:21:21 CET" name="Default suite" finished-at="2025-10-26T09:21:26 CET" duration-ms="5018">
    <groups>
    </groups>
    <test started-at="2025-10-26T09:21:21 CET" name="Default test" finished-at="2025-10-26T09:21:26 CET" duration-ms="5018">
      <class name="com.saucedemo.tests.LoginTest">
        <test-method is-config="true" signature="setUp()[pri:0, instance:com.saucedemo.tests.LoginTest@4550bb58]" started-at="2025-10-26T09:21:21 CET" name="setUp" finished-at="2025-10-26T09:21:26 CET" duration-ms="4770" status="PASS">
          <reporter-output>
          </reporter-output>
        </test-method> <!-- setUp -->
        <test-method signature="testSuccessfulLogin()[pri:0, instance:com.saucedemo.tests.LoginTest@4550bb58]" started-at="2025-10-26T09:21:26 CET" name="testSuccessfulLogin" finished-at="2025-10-26T09:21:26 CET" duration-ms="146" status="PASS">
          <reporter-output>
          </reporter-output>
        </test-method> <!-- testSuccessfulLogin -->
        <test-method is-config="true" signature="tearDown()[pri:0, instance:com.saucedemo.tests.LoginTest@4550bb58]" started-at="2025-10-26T09:21:26 CET" name="tearDown" finished-at="2025-10-26T09:21:26 CET" duration-ms="86" status="PASS">
          <reporter-output>
          </reporter-output>
        </test-method> <!-- tearDown -->
      </class> <!-- com.saucedemo.tests.LoginTest -->
    </test> <!-- Default test -->
  </suite> <!-- Default suite -->
</testng-results>
